[2025-03-24 13:37:39] Ruta no definida: /cuesti
[2025-03-25 11:11:05] Ruta no definida: /cuesti
[2025-03-25 11:24:08] Ruta no definida: /cuestion
[2025-03-25 13:44:27] Ruta no definida: /cuestio
[2025-03-26 09:06:41] Ruta no definida: /cuestiona
[2025-03-26 09:08:10] Ruta no definida: /cuestionar
[2025-03-26 09:09:07] Ruta no definida: /cuestiona
[2025-03-26 09:11:29] Ruta no definida: /cuestio
[2025-03-26 09:12:34] Ruta no definida: /cuestiona
[2025-03-26 09:14:05] Ruta no definida: /cuesti
[2025-03-26 09:16:19] Ruta no definida: /cuestiona
[2025-03-26 09:24:15] Ruta no definida: /cuestiona
[2025-03-26 09:25:44] Ruta no definida: /cuestio
[2025-03-31 13:59:03] Ruta no definida: /cuestionari
[2025-03-31 13:59:21] Ruta no definida: /cuesti
[2025-04-07 09:54:41] Ruta no definida: /cp/includesCP/obtenerSiguienteId.php
[2025-04-07 09:54:41] Ruta no definida: /cp/includesCP/obtenerSiguienteId.php
[2025-04-07 09:54:42] Ruta no definida: /cp/includesCP/obtenerSiguienteId.php
[2025-04-09 09:27:08] Ruta no definida: /cp/includesCP/borrarPregunta.php
[2025-04-09 09:27:12] Ruta no definida: /cp/includesCP/borrarPregunta.php
[2025-04-09 11:04:17] Ruta no definida: /cp/includesCP/obtenerSiguienteId.php
[2025-04-09 11:08:12] Ruta no definida: /cp/includesCP/obtenerSiguienteId.php
[2025-04-09 11:08:15] Ruta no definida: /cp/includesCP/obtenerSiguienteId.php
[2025-04-09 11:08:15] Ruta no definida: /cp/includesCP/obtenerSiguienteId.php
[2025-04-09 11:08:16] Ruta no definida: /cp/includesCP/obtenerSiguienteId.php
[2025-04-09 11:08:19] Ruta no definida: /cp/includesCP/obtenerSiguienteId.php
[2025-04-09 11:10:11] Ruta no definida: /cp/includesCP/obtenerSiguienteId.php
[2025-04-09 11:10:14] Ruta no definida: /cp/includesCP/obtenerSiguienteId.php
[2025-04-09 11:15:20] Ruta no definida: /cp/includesCP/obtenerSiguienteId.php
[2025-04-09 11:16:39] Ruta no definida: /cp/includesCP/obtenerSiguienteId.php
[2025-04-09 11:16:42] Ruta no definida: /cp/includesCP/obtenerSiguienteId.php
[2025-04-09 11:16:44] Ruta no definida: /cp/includesCP/obtenerSiguienteId.php
[2025-04-10 09:10:37] Ruta no definida: /views/survey/assets/img/2-IESA.png
[2025-04-10 09:10:37] Ruta no definida: /views/survey/assets/css/app.css
[2025-04-10 09:24:58] Ruta no definida: /cp/includesCP/obtenerPregunta.php
[2025-04-10 09:24:59] Ruta no definida: /cp/includesCP/obtenerPregunta.php
[2025-04-10 09:25:01] Ruta no definida: /cp/includesCP/obtenerPregunta.php
[2025-04-10 09:25:01] Ruta no definida: /cp/includesCP/obtenerPregunta.php
[2025-04-10 09:25:02] Ruta no definida: /cp/includesCP/obtenerPregunta.php
[2025-04-10 09:25:03] Ruta no definida: /cp/includesCP/obtenerPregunta.php
[2025-04-10 09:25:52] Ruta no definida: /cp/includesCP/obtenerPregunta.php
[2025-04-10 09:25:56] Ruta no definida: /cp/includesCP/obtenerPregunta.php
[2025-04-10 09:28:57] Ruta no definida: /cp/includesCP/obtenerPregunta.php
[2025-04-10 09:30:05] Ruta no definida: /cp/includesCP/obtenerPregunta.php
[2025-04-10 09:31:38] Ruta no definida: /cp/includesCP/obtenerPregunta.php
[2025-04-10 09:32:06] Ruta no definida: /cp/includesCP/obtenerPregunta.php
[2025-04-10 09:32:09] Ruta no definida: /cp/includesCP/obtenerPregunta.php
[2025-04-10 09:33:55] Ruta no definida: /cp/views/survey/tipo_de_pregunta/radio.php
[2025-04-10 09:34:12] Ruta no definida: /cp/views/survey/tipo_de_pregunta/radio.php
[2025-04-10 09:37:43] Ruta no definida: /cp/includesCP/views/survey/tipo_de_pregunta/checkbox.php
[2025-04-10 09:56:40] Ruta no definida: /cp/Preguntas.json
[2025-04-10 09:57:25] Ruta no definida: /cp/views/survey/tipo_de_pregunta/renderPregunta.php
[2025-04-10 11:24:42] Ruta no definida: /cp/models/Preguntas.json
[2025-04-10 11:25:03] Ruta no definida: /cp/views/survey/tipo_de_pregunta/radio.php
[2025-04-10 11:25:06] Ruta no definida: /cp/views/survey/tipo_de_pregunta/radio.php
[2025-04-10 12:26:27] Ruta no definida: /cp/models/Preguntas.json
[2025-04-10 12:30:58] Ruta no definida: /cp/views/survey/vistaCuestionario.php
[2025-04-10 12:32:09] Ruta no definida: /cp/views/survey/vistaCuestionario.php
[2025-04-10 12:36:05] Ruta no definida: /cp/views/survey/vistaCuestionario.php
[2025-04-10 12:39:24] Ruta no definida: /cp/views/survey/vistaCuestionario.php
[2025-04-11 11:07:41] Ruta no definida: /cp/path/to/quill-initializer.js
[2025-04-15 11:57:36] Ruta no definida: /includesCP/resultadosDB.php
[2025-04-15 12:10:23] Ruta no definida: /cp/includesCP/login.php
[2025-04-15 12:10:26] Ruta no definida: /includesCP/resultadosDB.php
[2025-04-15 12:10:26] Ruta no definida: /includesCP/resultadosDB.php
[2025-04-15 12:10:31] Ruta no definida: /cp/includesCP/login.php
[2025-04-15 12:10:33] Ruta no definida: /cp/includesCP/login.php
[2025-04-15 12:10:34] Ruta no definida: /cp/includesCP/login.php
[2025-04-15 12:10:34] Ruta no definida: /cp/includesCP/login.php
[2025-04-15 12:10:35] Ruta no definida: /cp/includesCP/login.php
[2025-04-15 12:10:53] Ruta no definida: /includesCP/resultadosDB.php
[2025-04-15 12:11:05] Ruta no definida: /includesCP/resultadosDB.php
[2025-04-15 12:22:46] Ruta no definida: /cp/includesCP/resultadosDB.php
[2025-04-15 12:22:48] Ruta no definida: /cp/includesCP/resultadosDB.php
[2025-04-15 12:48:25] Ruta no definida: /js/quillManager.js
[2025-04-15 12:48:37] Ruta no definida: /cp/s/quillManager.js
[2025-04-15 12:53:41] Ruta no definida: /cp/cp/js/quillManager.js
[2025-04-16 11:11:21] Ruta no definida: /cp/summernote/summernote-lite.css
[2025-04-16 11:11:21] Ruta no definida: /cp/css/styles.css
[2025-04-16 11:11:21] Ruta no definida: /cp/summernote/summernote-bs5.min.css
[2025-04-16 11:11:21] Ruta no definida: /cp/summernote/summernote-lite.js
[2025-04-16 11:11:22] Ruta no definida: /cp/summernote/summernote-lite.css
[2025-04-16 11:11:22] Ruta no definida: /cp/summernote/summernote-bs5.min.css
[2025-04-16 11:11:22] Ruta no definida: /cp/css/styles.css
[2025-04-16 11:11:22] Ruta no definida: /cp/summernote/summernote-lite.js
[2025-04-16 11:11:22] Ruta no definida: /cp/css/styles.css
[2025-04-16 11:11:22] Ruta no definida: /cp/summernote/summernote-lite.css
[2025-04-16 11:11:22] Ruta no definida: /cp/summernote/summernote-bs5.min.css
[2025-04-16 11:11:22] Ruta no definida: /cp/summernote/summernote-lite.js
[2025-04-16 11:11:22] Ruta no definida: /cp/summernote/summernote-lite.css
[2025-04-16 11:11:22] Ruta no definida: /cp/summernote/summernote-bs5.min.css
[2025-04-16 11:11:22] Ruta no definida: /cp/summernote/summernote-lite.js
[2025-04-16 11:11:22] Ruta no definida: /cp/css/styles.css
[2025-04-16 11:11:23] Ruta no definida: /cp/summernote/summernote-lite.js
[2025-04-16 11:11:23] Ruta no definida: /cp/css/styles.css
[2025-04-16 11:11:23] Ruta no definida: /cp/summernote/summernote-lite.css
[2025-04-16 11:11:23] Ruta no definida: /cp/summernote/summernote-bs5.min.css
[2025-04-16 11:12:05] Ruta no definida: /cp/summernote/summernote-lite.css
[2025-04-16 11:12:05] Ruta no definida: /cp/css/styles.css
[2025-04-16 11:12:05] Ruta no definida: /cp/summernote/summernote-lite.js
[2025-04-16 11:12:05] Ruta no definida: /cp/summernote/summernote-bs5.min.css
[2025-04-16 11:12:06] Ruta no definida: /cp/summernote/summernote-lite.css
[2025-04-16 11:12:06] Ruta no definida: /cp/summernote/summernote-bs5.min.css
[2025-04-16 11:12:06] Ruta no definida: /cp/css/styles.css
[2025-04-16 11:12:06] Ruta no definida: /cp/summernote/summernote-lite.js
[2025-04-16 11:12:54] Ruta no definida: /cp/summernote/summernote-lite.css
[2025-04-16 11:12:54] Ruta no definida: /cp/summernote/summernote-lite.js
[2025-04-16 11:12:54] Ruta no definida: /cp/summernote/summernote-bs5.min.css
[2025-04-16 11:12:54] Ruta no definida: /cp/css/styles.css
[2025-04-16 11:12:55] Ruta no definida: /cp/summernote/summernote-lite.js
[2025-04-16 11:12:55] Ruta no definida: /cp/summernote/summernote-bs5.min.css
[2025-04-16 11:12:55] Ruta no definida: /cp/css/styles.css
[2025-04-16 11:12:55] Ruta no definida: /cp/summernote/summernote-lite.css
[2025-04-16 11:12:55] Ruta no definida: /cp/summernote/summernote-lite.js
[2025-04-16 11:12:55] Ruta no definida: /cp/summernote/summernote-lite.css
[2025-04-16 11:12:55] Ruta no definida: /cp/css/styles.css
[2025-04-16 11:12:55] Ruta no definida: /cp/summernote/summernote-bs5.min.css
[2025-04-16 11:12:55] Ruta no definida: /cp/summernote/summernote-bs5.min.css
[2025-04-16 11:12:55] Ruta no definida: /cp/summernote/summernote-lite.js
[2025-04-16 11:12:55] Ruta no definida: /cp/summernote/summernote-lite.css
[2025-04-16 11:12:55] Ruta no definida: /cp/css/styles.css
[2025-04-16 11:13:03] Ruta no definida: /cp/css/styles.css
[2025-04-16 11:13:03] Ruta no definida: /cp/summernote/summernote-lite.css
[2025-04-16 11:13:03] Ruta no definida: /cp/summernote/summernote-bs5.min.css
[2025-04-16 11:13:03] Ruta no definida: /cp/summernote/summernote-lite.js
[2025-04-16 11:13:04] Ruta no definida: /cp/css/styles.css
[2025-04-16 11:13:04] Ruta no definida: /cp/summernote/summernote-lite.js
[2025-04-16 11:13:04] Ruta no definida: /cp/summernote/summernote-bs5.min.css
[2025-04-16 11:13:04] Ruta no definida: /cp/summernote/summernote-lite.css
[2025-04-16 11:13:04] Ruta no definida: /cp/summernote/summernote-bs5.min.css
[2025-04-16 11:13:04] Ruta no definida: /cp/summernote/summernote-lite.css
[2025-04-16 11:13:04] Ruta no definida: /cp/summernote/summernote-lite.js
[2025-04-16 11:13:04] Ruta no definida: /cp/css/styles.css
[2025-04-16 11:13:11] Ruta no definida: /cp/summernote/summernote-lite.css
[2025-04-16 11:13:11] Ruta no definida: /cp/summernote/summernote-bs5.min.css
[2025-04-16 11:13:11] Ruta no definida: /cp/css/styles.css
[2025-04-16 11:13:11] Ruta no definida: /cp/summernote/summernote-lite.js
[2025-04-16 11:13:11] Ruta no definida: /cp/summernote/summernote-bs5.min.css
[2025-04-16 11:13:11] Ruta no definida: /cp/summernote/summernote-lite.css
[2025-04-16 11:13:11] Ruta no definida: /cp/css/styles.css
[2025-04-16 11:13:11] Ruta no definida: /cp/summernote/summernote-lite.js
[2025-04-16 11:13:12] Ruta no definida: /cp/summernote/summernote-bs5.min.css
[2025-04-16 11:13:12] Ruta no definida: /cp/summernote/summernote-lite.css
[2025-04-16 11:13:12] Ruta no definida: /cp/summernote/summernote-lite.js
[2025-04-16 11:13:12] Ruta no definida: /cp/css/styles.css
[2025-04-16 11:13:22] Ruta no definida: /cp/summernote/summernote-lite.css
[2025-04-16 11:13:22] Ruta no definida: /cp/summernote/summernote-bs5.min.css
[2025-04-16 11:13:22] Ruta no definida: /cp/css/styles.css
[2025-04-16 11:13:23] Ruta no definida: /cp/summernote/summernote-lite.js
[2025-04-16 11:13:55] Ruta no definida: /cp/summernote/summernote-lite.css
[2025-04-16 11:13:55] Ruta no definida: /cp/summernote/summernote-bs5.min.css
[2025-04-16 11:13:56] Ruta no definida: /cp/css/styles.css
[2025-04-16 11:13:56] Ruta no definida: /cp/summernote/summernote-lite.js
[2025-04-16 11:13:56] Ruta no definida: /cp/summernote/summernote-lite.js
[2025-04-16 11:13:56] Ruta no definida: /cp/css/styles.css
[2025-04-16 11:13:56] Ruta no definida: /cp/summernote/summernote-lite.css
[2025-04-16 11:13:56] Ruta no definida: /cp/summernote/summernote-bs5.min.css
[2025-04-16 11:13:56] Ruta no definida: /cp/summernote/summernote-lite.css
[2025-04-16 11:13:56] Ruta no definida: /cp/summernote/summernote-bs5.min.css
[2025-04-16 11:13:56] Ruta no definida: /cp/css/styles.css
[2025-04-16 11:13:56] Ruta no definida: /cp/summernote/summernote-lite.js
[2025-04-16 11:13:56] Ruta no definida: /cp/summernote/summernote-bs5.min.css
[2025-04-16 11:13:56] Ruta no definida: /cp/summernote/summernote-lite.css
[2025-04-16 11:13:56] Ruta no definida: /cp/css/styles.css
[2025-04-16 11:13:56] Ruta no definida: /cp/summernote/summernote-lite.js
[2025-04-16 11:13:57] Ruta no definida: /cp/summernote/summernote-lite.css
[2025-04-16 11:13:57] Ruta no definida: /cp/summernote/summernote-bs5.min.css
[2025-04-16 11:13:57] Ruta no definida: /cp/summernote/summernote-lite.js
[2025-04-16 11:13:57] Ruta no definida: /cp/css/styles.css
[2025-04-16 11:13:57] Ruta no definida: /cp/summernote/summernote-bs5.min.css
[2025-04-16 11:13:57] Ruta no definida: /cp/css/styles.css
[2025-04-16 11:13:57] Ruta no definida: /cp/summernote/summernote-lite.css
[2025-04-16 11:13:57] Ruta no definida: /cp/summernote/summernote-lite.js
[2025-04-16 11:14:11] Ruta no definida: /cp/summernote/summernote-lite.css
[2025-04-16 11:14:11] Ruta no definida: /cp/summernote/summernote-lite.js
[2025-04-16 11:14:11] Ruta no definida: /cp/css/styles.css
[2025-04-16 11:14:11] Ruta no definida: /cp/summernote/summernote-bs5.min.css
[2025-04-16 11:14:12] Ruta no definida: /cp/summernote/summernote-lite.css
[2025-04-16 11:14:12] Ruta no definida: /cp/css/styles.css
[2025-04-16 11:14:12] Ruta no definida: /cp/summernote/summernote-lite.js
[2025-04-16 11:14:12] Ruta no definida: /cp/summernote/summernote-bs5.min.css
[2025-04-16 11:14:12] Ruta no definida: /cp/summernote/summernote-lite.css
[2025-04-16 11:14:12] Ruta no definida: /cp/css/styles.css
[2025-04-16 11:14:12] Ruta no definida: /cp/summernote/summernote-bs5.min.css
[2025-04-16 11:14:12] Ruta no definida: /cp/summernote/summernote-lite.js
[2025-04-16 11:14:17] Ruta no definida: /cp/summernote/summernote-bs5.min.css
[2025-04-16 11:14:17] Ruta no definida: /cp/summernote/summernote-lite.css
[2025-04-16 11:14:17] Ruta no definida: /cp/summernote/summernote-lite.js
[2025-04-16 11:14:17] Ruta no definida: /cp/css/styles.css
[2025-04-16 11:14:17] Ruta no definida: /cp/summernote/summernote-lite.css
[2025-04-16 11:14:17] Ruta no definida: /cp/css/styles.css
[2025-04-16 11:14:17] Ruta no definida: /cp/summernote/summernote-lite.js
[2025-04-16 11:14:17] Ruta no definida: /cp/summernote/summernote-bs5.min.css
[2025-04-16 11:14:38] Ruta no definida: /cp/summernote/summernote-lite.css
[2025-04-16 11:14:38] Ruta no definida: /cp/css/styles.css
[2025-04-16 11:14:38] Ruta no definida: /cp/summernote/summernote-lite.js
[2025-04-16 11:14:38] Ruta no definida: /cp/summernote/summernote-bs5.min.css
[2025-04-16 11:14:39] Ruta no definida: /cp/summernote/summernote-lite.js
[2025-04-16 11:14:39] Ruta no definida: /cp/summernote/summernote-lite.css
[2025-04-16 11:14:39] Ruta no definida: /cp/summernote/summernote-bs5.min.css
[2025-04-16 11:14:39] Ruta no definida: /cp/css/styles.css
[2025-04-16 11:14:40] Ruta no definida: /cp/summernote/summernote-lite.css
[2025-04-16 11:14:40] Ruta no definida: /cp/summernote/summernote-bs5.min.css
[2025-04-16 11:14:40] Ruta no definida: /cp/css/styles.css
[2025-04-16 11:14:40] Ruta no definida: /cp/summernote/summernote-lite.js
[2025-04-16 11:14:40] Ruta no definida: /cp/summernote/summernote-bs5.min.css
[2025-04-16 11:14:40] Ruta no definida: /cp/summernote/summernote-lite.css
[2025-04-16 11:14:40] Ruta no definida: /cp/css/styles.css
[2025-04-16 11:14:40] Ruta no definida: /cp/summernote/summernote-lite.js
[2025-04-16 11:14:55] Ruta no definida: /cp/summernote/summernote-lite.css
[2025-04-16 11:14:55] Ruta no definida: /cp/summernote/summernote-bs5.min.css
[2025-04-16 11:14:55] Ruta no definida: /cp/summernote/summernote-lite.js
[2025-04-16 11:14:55] Ruta no definida: /cp/css/styles.css
[2025-04-16 11:14:55] Ruta no definida: /cp/summernote/summernote-bs5.min.css
[2025-04-16 11:14:55] Ruta no definida: /cp/css/styles.css
[2025-04-16 11:14:55] Ruta no definida: /cp/summernote/summernote-lite.js
[2025-04-16 11:14:55] Ruta no definida: /cp/summernote/summernote-lite.css
[2025-04-16 12:43:30] Ruta no definida: /pregunta_img/2.jpg
[2025-04-16 12:43:30] Ruta no definida: /pregunta_img/1.jpg
[2025-04-16 12:43:30] Ruta no definida: /pregunta_img/3.jpg
[2025-04-16 12:43:30] Ruta no definida: /pregunta_img/2.jpg
[2025-04-16 12:43:30] Ruta no definida: /pregunta_img/3.jpg
[2025-04-16 12:43:30] Ruta no definida: /pregunta_img/1.jpg
[2025-04-16 12:43:39] Ruta no definida: /pregunta_img/3.jpg
[2025-04-16 12:43:39] Ruta no definida: /pregunta_img/1.jpg
[2025-04-16 12:43:39] Ruta no definida: /pregunta_img/2.jpg
[2025-04-16 12:47:59] Ruta no definida: /pregunta_img/1.jpg
[2025-04-16 12:47:59] Ruta no definida: /pregunta_img/2.jpg
[2025-04-16 12:48:00] Ruta no definida: /pregunta_img/3.jpg
[2025-04-16 12:48:00] Ruta no definida: /pregunta_img/2.jpg
[2025-04-16 12:48:00] Ruta no definida: /pregunta_img/3.jpg
[2025-04-16 12:48:00] Ruta no definida: /pregunta_img/1.jpg
[2025-04-16 12:48:00] Ruta no definida: /pregunta_img/2.jpg
[2025-04-16 12:48:00] Ruta no definida: /pregunta_img/3.jpg
[2025-04-16 12:48:00] Ruta no definida: /pregunta_img/1.jpg
[2025-04-16 12:48:00] Ruta no definida: /pregunta_img/1.jpg
[2025-04-16 12:48:00] Ruta no definida: /pregunta_img/2.jpg
[2025-04-16 12:48:00] Ruta no definida: /pregunta_img/3.jpg
[2025-04-16 12:48:00] Ruta no definida: /pregunta_img/2.jpg
[2025-04-16 12:48:00] Ruta no definida: /pregunta_img/3.jpg
[2025-04-16 12:48:01] Ruta no definida: /pregunta_img/1.jpg
